<?xml version="1.0" encoding="UTF-8"?>
<!-- Generated by org.testng.reporters.JUnitReportReporter -->
<testsuite skipped="3" hostname="kalsures" name="Framework.Artifact.Demo" tests="4" failures="0" timestamp="2021-02-08T16:11:18 IST" time="88.474" errors="0">
  <testcase name="testcase4" time="88.474" classname="Framework.Artifact.Demo"/>
  <system-out/>
  <testcase name="testcase1" classname="Framework.Artifact.Demo">
    <skipped/>
  </testcase> <!-- testcase1 -->
  <system-out/>
  <testcase name="testcase2" classname="Framework.Artifact.Demo">
    <skipped/>
  </testcase> <!-- testcase2 -->
  <system-out/>
  <testcase name="testcase3" classname="Framework.Artifact.Demo">
    <skipped/>
  </testcase> <!-- testcase3 -->
  <system-out/>
</testsuite> <!-- Framework.Artifact.Demo -->
